2025-03-04T18:35:58+00:00 DEBUG POST: https://ads.tiktok.com/marketing_api/api/developer/app/create_auto_approve/

{"business_platform":"PROD","smb_id":"tt4b_woocommerce_67c7480e324a8httplocalhostwordpresswp-admin","smb_name":"PROD","redirect_url":"http:\/\/localhost\/wordpress\/wp-admin\/"}
 ajax: no
2025-03-04T18:35:58+00:00 DEBUG Tt4b_Mapi_Class::create_open_source_app: Response: 

HTTP/1.1 200 OK
Content-Type: application/json
X-Tt-Logid: 2025030418355970DF87D5530B19D4BAE0,2025030418355970DF87D5530B19D4BAE0
Strict-Transport-Security: max-age=31536000; includeSubDomains
x-tt-trace-host: 0167995651554d845bc0d8e6db42a273abd6d07c5f00c24fd8e5fae6404e58df42a6083fa53969a6d2d50293687d838ef9b87f8721a7e0921390c7195203b81af7c261348708214cd80785dbdea8186b3a601fe0a2d8a8b2ab887b7a9be6d34d9cd078d1573380ccab64b2dee2af4415dc484d0a222addaf7bf78dc95d484715ff
x-tt-trace-id: 00-25030418355970DF87D5530B19D4BAE0-5A161043685788B8-00
Server: TLB
Content-Encoding: gzip
Content-Length: 207
X-Origin-Response-Time: 85,23.45.206.90
X-Akamai-Request-ID: 613b93e7.11544e79.2a6b7f65
X-Parent-Response-Time: 158,104.124.54.31
Date: Tue, 04 Mar 2025 18:36:00 GMT
X-Cache: TCP_MISS from a2-21-3-145.deploy.akamaitechnologies.com (AkamaiGHost/11.8.3-77160ac4eff0ba0794c5b2db5e229965) (-)
Connection: close
Vary: Accept-Encoding
X-Cache-Remote: TCP_MISS from a104-124-54-31.deploy.akamaitechnologies.com (AkamaiGHost/11.8.3-77160ac4eff0ba0794c5b2db5e229965) (-)
x-tt-trace-tag: id=16;cdn-cache=miss;type=dyn
Server-Timing: cdn-cache; desc=MISS, edge; dur=318, origin; dur=84
Server-Timing: inner; dur=80
X-Parent-Response-Time: 399,2.21.3.145

{"code":0,"msg":"ok","data":{"app_secret":"4416a2821e7095322b615b2c9a8666a8748827e8","app_id":"7478024941317652497","redirect_uri":"http:\/\/localhost\/wordpress\/wp-admin\/","external_data_key":"63b3362f-7345-488d-bd39-0fdd040f2b33"}}

2025-03-04T19:43:44+00:00 DEBUG Tt4b_Pixel_Class::inject_initiate_checkout_event: hit InitiateCheckout
2025-03-04T19:43:44+00:00 DEBUG Tt4b_Pixel_Class::inject_initiate_checkout_event: Missing option "access_token"
2025-03-04T19:51:21+00:00 DEBUG Tt4b_Pixel_Class::inject_initiate_checkout_event: hit InitiateCheckout
2025-03-04T19:51:21+00:00 DEBUG Tt4b_Pixel_Class::inject_initiate_checkout_event: Missing option "access_token"
2025-03-04T19:52:15+00:00 DEBUG Tt4b_Pixel_Class::inject_add_to_cart_event: hit AddToCart
2025-03-04T19:52:15+00:00 DEBUG Tt4b_Pixel_Class::inject_add_to_cart_event: Missing option "access_token"
2025-03-04T19:52:42+00:00 DEBUG Tt4b_Pixel_Class::inject_initiate_checkout_event: hit InitiateCheckout
2025-03-04T19:52:42+00:00 DEBUG Tt4b_Pixel_Class::inject_initiate_checkout_event: Missing option "access_token"
2025-03-04T19:55:37+00:00 DEBUG Tt4b_Pixel_Class::inject_initiate_checkout_event: hit InitiateCheckout
2025-03-04T19:55:37+00:00 DEBUG Tt4b_Pixel_Class::inject_initiate_checkout_event: Missing option "access_token"
2025-03-04T19:55:42+00:00 DEBUG Tt4b_Pixel_Class::inject_initiate_checkout_event: hit InitiateCheckout
2025-03-04T19:55:42+00:00 DEBUG Tt4b_Pixel_Class::inject_initiate_checkout_event: Missing option "access_token"
2025-03-04T19:55:42+00:00 DEBUG Tt4b_Pixel_Class::inject_initiate_checkout_event: hit InitiateCheckout
2025-03-04T19:55:42+00:00 DEBUG Tt4b_Pixel_Class::inject_initiate_checkout_event: Missing option "access_token"
2025-03-04T19:58:51+00:00 DEBUG Tt4b_Pixel_Class::inject_initiate_checkout_event: hit InitiateCheckout
2025-03-04T19:58:51+00:00 DEBUG Tt4b_Pixel_Class::inject_initiate_checkout_event: Missing option "access_token"
2025-03-04T20:05:23+00:00 DEBUG Tt4b_Pixel_Class::inject_initiate_checkout_event: hit InitiateCheckout
2025-03-04T20:05:23+00:00 DEBUG Tt4b_Pixel_Class::inject_initiate_checkout_event: Missing option "access_token"
2025-03-04T20:05:56+00:00 DEBUG Tt4b_Pixel_Class::inject_initiate_checkout_event: hit InitiateCheckout
2025-03-04T20:05:56+00:00 DEBUG Tt4b_Pixel_Class::inject_initiate_checkout_event: Missing option "access_token"
2025-03-04T20:11:09+00:00 DEBUG Tt4b_Pixel_Class::inject_initiate_checkout_event: hit InitiateCheckout
2025-03-04T20:11:09+00:00 DEBUG Tt4b_Pixel_Class::inject_initiate_checkout_event: Missing option "access_token"
2025-03-04T20:13:43+00:00 DEBUG Tt4b_Pixel_Class::inject_initiate_checkout_event: hit InitiateCheckout
2025-03-04T20:13:43+00:00 DEBUG Tt4b_Pixel_Class::inject_initiate_checkout_event: Missing option "access_token"
2025-03-04T20:14:30+00:00 DEBUG Tt4b_Pixel_Class::inject_initiate_checkout_event: hit InitiateCheckout
2025-03-04T20:14:30+00:00 DEBUG Tt4b_Pixel_Class::inject_initiate_checkout_event: Missing option "access_token"
2025-03-04T20:16:27+00:00 DEBUG Tt4b_Pixel_Class::inject_initiate_checkout_event: hit InitiateCheckout
2025-03-04T20:16:27+00:00 DEBUG Tt4b_Pixel_Class::inject_initiate_checkout_event: Missing option "access_token"
